#
# There is insufficient memory for the Java Runtime Environment to continue.
# Native memory allocation (malloc) failed to allocate 1048576 bytes. Error detail: AllocateHeap
# Possible reasons:
#   The system is out of physical RAM or swap space
#   This process is running with CompressedOops enabled, and the Java Heap may be blocking the growth of the native heap
# Possible solutions:
#   Reduce memory load on the system
#   Increase physical memory or swap space
#   Check if swap backing store is full
#   Decrease Java heap size (-Xmx/-Xms)
#   Decrease number of Java threads
#   Decrease Java thread stack sizes (-Xss)
#   Set larger code cache with -XX:ReservedCodeCacheSize=
#   JVM is running with Unscaled Compressed Oops mode in which the Java heap is
#     placed in the first 4GB address space. The Java Heap base address is the
#     maximum limit for the native heap growth. Please use -XX:HeapBaseMinAddress
#     to set the Java Heap base and to place the Java Heap above 4GB virtual address.
# This output file may be truncated or incomplete.
#
#  Out of Memory Error (allocation.cpp:44), pid=14212, tid=4892
#
# JRE version: OpenJDK Runtime Environment Temurin-21.0.9+10 (21.0.9+10) (build 21.0.9+10-LTS)
# Java VM: OpenJDK 64-Bit Server VM Temurin-21.0.9+10 (21.0.9+10-LTS, mixed mode, sharing, tiered, compressed oops, compressed class ptrs, parallel gc, windows-amd64)
# No core dump will be written. Minidumps are not enabled by default on client versions of Windows
#

---------------  S U M M A R Y ------------

Command Line: --add-modules=ALL-SYSTEM --add-opens=java.base/java.util=ALL-UNNAMED --add-opens=java.base/java.lang=ALL-UNNAMED --add-opens=java.base/sun.nio.fs=ALL-UNNAMED -Declipse.application=org.eclipse.jdt.ls.core.id1 -Dosgi.bundles.defaultStartLevel=4 -Declipse.product=org.eclipse.jdt.ls.core.product -Djava.import.generatesMetadataFilesAtProjectRoot=false -DDetectVMInstallationsJob.disabled=true -Dfile.encoding=utf8 -XX:+UseParallelGC -XX:GCTimeRatio=4 -XX:AdaptiveSizePolicyWeight=90 -Dsun.zip.disableMemoryMapping=true -Xmx2G -Xms100m -Xlog:disable -javaagent:c:\Users\porta\.vscode\extensions\redhat.java-1.50.0-win32-x64\lombok\lombok-1.18.39-4050.jar -XX:+HeapDumpOnOutOfMemoryError -XX:HeapDumpPath=c:\Users\porta\AppData\Roaming\Code\User\workspaceStorage\2610fd0d143476314dc8434d72f8bc07\redhat.java -Daether.dependencyCollector.impl=bf c:\Users\porta\.vscode\extensions\redhat.java-1.50.0-win32-x64\server\plugins\org.eclipse.equinox.launcher_1.7.100.v20251111-0406.jar -configuration c:\Users\porta\AppData\Roaming\Code\User\globalStorage\redhat.java\1.50.0\config_win -data c:\Users\porta\AppData\Roaming\Code\User\workspaceStorage\2610fd0d143476314dc8434d72f8bc07\redhat.java\jdt_ws --pipe=\\.\pipe\lsp-6b8e53938eebb34b41769b4130c0d1cc-sock

Host: 11th Gen Intel(R) Core(TM) i7-1165G7 @ 2.80GHz, 8 cores, 3G,  Windows 11 , 64 bit Build 26100 (10.0.26100.7019)
Time: Sun Nov 30 04:01:05 2025 Hora est. Pacífico, Sudamérica elapsed time: 39409.369747 seconds (0d 10h 56m 49s)

---------------  T H R E A D  ---------------

Current thread (0x00000248323a8830):  JavaThread "Attach Listener" daemon [_thread_in_vm, id=4892, stack(0x0000006f05600000,0x0000006f05700000) (1024K)]

Stack: [0x0000006f05600000,0x0000006f05700000]
Native frames: (J=compiled Java code, j=interpreted, Vv=VM code, C=native code)
V  [jvm.dll+0x6d6e29]
V  [jvm.dll+0x8b4b76]
V  [jvm.dll+0x8b712e]
V  [jvm.dll+0x8b7813]
V  [jvm.dll+0x283d86]
V  [jvm.dll+0xc1277]
V  [jvm.dll+0x6d76d9]
V  [jvm.dll+0x133466]
V  [jvm.dll+0x3f7ea6]
V  [jvm.dll+0x85e9ad]
V  [jvm.dll+0x6d565d]
C  [ucrtbase.dll+0x37b0]
C  [KERNEL32.DLL+0x2e8d7]
C  [ntdll.dll+0x8c53c]


---------------  P R O C E S S  ---------------

Threads class SMR info:
_java_thread_list=0x000002488b864ef0, length=34, elements={
0x000002483008a0b0, 0x00000248324ee570, 0x00000248323a4b40, 0x00000248323a7be0,
0x00000248323a8830, 0x00000248323b06c0, 0x00000248323b1240, 0x00000248323b2070,
0x00000248323d6ed0, 0x000002488b92d5c0, 0x000002488ba98b90, 0x000002489048a950,
0x0000024890581870, 0x00000248902c12a0, 0x000002489022ee70, 0x000002488b8dc080,
0x00000248907f9ab0, 0x00000248907f8700, 0x00000248907fb4f0, 0x00000248907f8d90,
0x00000248931c21f0, 0x00000248931bfa90, 0x00000248931c0e40, 0x00000248931c14d0,
0x00000248931c0120, 0x00000248931c1b60, 0x00000248931c2880, 0x00000248931c2f10,
0x00000248931bf400, 0x00000248931c35a0, 0x00000248931c07b0, 0x00000248931c4950,
0x0000024892a66d10, 0x0000024892a65960
}

Java Threads: ( => current thread )
  0x000002483008a0b0 JavaThread "main"                              [_thread_blocked, id=2080, stack(0x0000006f04f00000,0x0000006f05000000) (1024K)]
  0x00000248324ee570 JavaThread "Reference Handler"          daemon [_thread_blocked, id=13156, stack(0x0000006f05300000,0x0000006f05400000) (1024K)]
  0x00000248323a4b40 JavaThread "Finalizer"                  daemon [_thread_blocked, id=11912, stack(0x0000006f05400000,0x0000006f05500000) (1024K)]
  0x00000248323a7be0 JavaThread "Signal Dispatcher"          daemon [_thread_blocked, id=9144, stack(0x0000006f05500000,0x0000006f05600000) (1024K)]
=>0x00000248323a8830 JavaThread "Attach Listener"            daemon [_thread_in_vm, id=4892, stack(0x0000006f05600000,0x0000006f05700000) (1024K)]
  0x00000248323b06c0 JavaThread "Service Thread"             daemon [_thread_blocked, id=12116, stack(0x0000006f05700000,0x0000006f05800000) (1024K)]
  0x00000248323b1240 JavaThread "Monitor Deflation Thread"   daemon [_thread_blocked, id=4376, stack(0x0000006f05800000,0x0000006f05900000) (1024K)]
  0x00000248323b2070 JavaThread "C2 CompilerThread0"         daemon [_thread_blocked, id=4336, stack(0x0000006f05900000,0x0000006f05a00000) (1024K)]
  0x00000248323d6ed0 JavaThread "C1 CompilerThread0"         daemon [_thread_blocked, id=14380, stack(0x0000006f05a00000,0x0000006f05b00000) (1024K)]
  0x000002488b92d5c0 JavaThread "Common-Cleaner"             daemon [_thread_blocked, id=14960, stack(0x0000006f05b00000,0x0000006f05c00000) (1024K)]
  0x000002488ba98b90 JavaThread "Notification Thread"        daemon [_thread_blocked, id=9748, stack(0x0000006f05c00000,0x0000006f05d00000) (1024K)]
  0x000002489048a950 JavaThread "Active Thread: Equinox Container: eb306246-2041-40e1-8c0d-eb20424eb8c3"        [_thread_blocked, id=13024, stack(0x0000006f06300000,0x0000006f06400000) (1024K)]
  0x0000024890581870 JavaThread "Refresh Thread: Equinox Container: eb306246-2041-40e1-8c0d-eb20424eb8c3" daemon [_thread_blocked, id=1844, stack(0x0000006f06400000,0x0000006f06500000) (1024K)]
  0x00000248902c12a0 JavaThread "Framework Event Dispatcher: Equinox Container: eb306246-2041-40e1-8c0d-eb20424eb8c3" daemon [_thread_blocked, id=13404, stack(0x0000006f06600000,0x0000006f06700000) (1024K)]
  0x000002489022ee70 JavaThread "Start Level: Equinox Container: eb306246-2041-40e1-8c0d-eb20424eb8c3" daemon [_thread_blocked, id=15160, stack(0x0000006f06700000,0x0000006f06800000) (1024K)]
  0x000002488b8dc080 JavaThread "Bundle File Closer"         daemon [_thread_blocked, id=5352, stack(0x0000006f06800000,0x0000006f06900000) (1024K)]
  0x00000248907f9ab0 JavaThread "SCR Component Actor"        daemon [_thread_blocked, id=14144, stack(0x0000006f06a00000,0x0000006f06b00000) (1024K)]
  0x00000248907f8700 JavaThread "Worker-JM"                         [_thread_blocked, id=12420, stack(0x0000006f06b00000,0x0000006f06c00000) (1024K)]
  0x00000248907fb4f0 JavaThread "JNA Cleaner"                daemon [_thread_blocked, id=5140, stack(0x0000006f06c00000,0x0000006f06d00000) (1024K)]
  0x00000248907f8d90 JavaThread "Java indexing"              daemon [_thread_blocked, id=11848, stack(0x0000006f06f00000,0x0000006f07000000) (1024K)]
  0x00000248931c21f0 JavaThread "Thread-1"                   daemon [_thread_in_native, id=3236, stack(0x0000006f07400000,0x0000006f07500000) (1024K)]
  0x00000248931bfa90 JavaThread "Thread-2"                   daemon [_thread_in_native, id=3396, stack(0x0000006f07500000,0x0000006f07600000) (1024K)]
  0x00000248931c0e40 JavaThread "Thread-3"                   daemon [_thread_in_native, id=14848, stack(0x0000006f07600000,0x0000006f07700000) (1024K)]
  0x00000248931c14d0 JavaThread "Thread-4"                   daemon [_thread_in_native, id=7464, stack(0x0000006f07700000,0x0000006f07800000) (1024K)]
  0x00000248931c0120 JavaThread "Thread-5"                   daemon [_thread_in_native, id=14864, stack(0x0000006f07800000,0x0000006f07900000) (1024K)]
  0x00000248931c1b60 JavaThread "Thread-6"                   daemon [_thread_in_native, id=9760, stack(0x0000006f07900000,0x0000006f07a00000) (1024K)]
  0x00000248931c2880 JavaThread "Thread-7"                   daemon [_thread_in_native, id=6288, stack(0x0000006f07a00000,0x0000006f07b00000) (1024K)]
  0x00000248931c2f10 JavaThread "Thread-8"                   daemon [_thread_in_native, id=10020, stack(0x0000006f07b00000,0x0000006f07c00000) (1024K)]
  0x00000248931bf400 JavaThread "Thread-9"                   daemon [_thread_in_native, id=2324, stack(0x0000006f07c00000,0x0000006f07d00000) (1024K)]
  0x00000248931c35a0 JavaThread "pool-2-thread-1"                   [_thread_blocked, id=3252, stack(0x0000006f07d00000,0x0000006f07e00000) (1024K)]
  0x00000248931c07b0 JavaThread "WorkspaceEventsHandler"            [_thread_blocked, id=7188, stack(0x0000006f07e00000,0x0000006f07f00000) (1024K)]
  0x00000248931c4950 JavaThread "pool-1-thread-1"                   [_thread_blocked, id=10468, stack(0x0000006f07f00000,0x0000006f08000000) (1024K)]
  0x0000024892a66d10 JavaThread "Worker-7"                          [_thread_blocked, id=3104, stack(0x0000006f04c00000,0x0000006f04d00000) (1024K)]
  0x0000024892a65960 JavaThread "Worker-9"                          [_thread_blocked, id=1364, stack(0x0000006f04e00000,0x0000006f04f00000) (1024K)]
Total: 34

Other Threads:
  0x00000248323a1d70 VMThread "VM Thread"                           [id=1568, stack(0x0000006f05200000,0x0000006f05300000) (1024K)]
  0x000002483249b290 WatcherThread "VM Periodic Task Thread"        [id=11472, stack(0x0000006f05100000,0x0000006f05200000) (1024K)]
  0x000002483244fe20 WorkerThread "GC Thread#0"                     [id=15088, stack(0x0000006f05000000,0x0000006f05100000) (1024K)]
  0x000002489022a1f0 WorkerThread "GC Thread#1"                     [id=4156, stack(0x0000006f05d00000,0x0000006f05e00000) (1024K)]
  0x00000248902f68d0 WorkerThread "GC Thread#2"                     [id=3008, stack(0x0000006f05e00000,0x0000006f05f00000) (1024K)]
  0x00000248903263c0 WorkerThread "GC Thread#3"                     [id=1072, stack(0x0000006f05f00000,0x0000006f06000000) (1024K)]
  0x0000024890326760 WorkerThread "GC Thread#4"                     [id=12752, stack(0x0000006f06000000,0x0000006f06100000) (1024K)]
  0x00000248901e2050 WorkerThread "GC Thread#5"                     [id=9608, stack(0x0000006f06100000,0x0000006f06200000) (1024K)]
  0x00000248901e23f0 WorkerThread "GC Thread#6"                     [id=9248, stack(0x0000006f06200000,0x0000006f06300000) (1024K)]
  0x0000024890632e60 WorkerThread "GC Thread#7"                     [id=6992, stack(0x0000006f06500000,0x0000006f06600000) (1024K)]
Total: 10

Threads with active compile tasks:
Total: 0

VM state: not at safepoint (normal execution)

VM Mutex/Monitor currently owned by a thread: None

Heap address: 0x0000000080000000, size: 2048 MB, Compressed Oops mode: 32-bit

CDS archive(s) mapped at: [0x0000024849000000-0x0000024849ba0000-0x0000024849ba0000), size 12189696, SharedBaseAddress: 0x0000024849000000, ArchiveRelocationMode: 1.
Compressed class space mapped at: 0x000002484a000000-0x000002488a000000, reserved size: 1073741824
Narrow klass base: 0x0000024849000000, Narrow klass shift: 0, Narrow klass range: 0x100000000

GC Precious Log:
 CardTable entry size: 512
 CPUs: 8 total, 8 available
 Memory: 3895M
 Large Page Support: Disabled
 NUMA Support: Disabled
 Compressed Oops: Enabled (32-bit)
 Alignments: Space 512K, Generation 512K, Heap 2M
 Heap Min Capacity: 100M
 Heap Initial Capacity: 100M
 Heap Max Capacity: 2G
 Pre-touch: Disabled
 Parallel Workers: 8

Heap:
 PSYoungGen      total 13312K, used 2033K [0x00000000d5580000, 0x00000000d6880000, 0x0000000100000000)
  eden space 12800K, 12% used [0x00000000d5580000,0x00000000d571c420,0x00000000d6200000)
  from space 512K, 75% used [0x00000000d6800000,0x00000000d6860020,0x00000000d6880000)
  to   space 1024K, 0% used [0x00000000d6680000,0x00000000d6680000,0x00000000d6780000)
 ParOldGen       total 108544K, used 102693K [0x0000000080000000, 0x0000000086a00000, 0x00000000d5580000)
  object space 108544K, 94% used [0x0000000080000000,0x0000000086449418,0x0000000086a00000)
 Metaspace       used 64251K, committed 65728K, reserved 1114112K
  class space    used 6840K, committed 7488K, reserved 1048576K

Card table byte_map: [0x0000024831dd0000,0x00000248321e0000] _byte_map_base: 0x00000248319d0000

Marking Bits: (ParMarkBitMap*) 0x00007ffd10162460
 Begin Bits: [0x00000248448e0000, 0x00000248468e0000)
 End Bits:   [0x00000248468e0000, 0x00000248488e0000)

Polling page: 0x0000024830040000

Metaspace:

Usage:
  Non-class:     56.07 MB used.
      Class:      6.68 MB used.
       Both:     62.75 MB used.

Virtual space:
  Non-class space:       64.00 MB reserved,      56.88 MB ( 89%) committed,  1 nodes.
      Class space:        1.00 GB reserved,       7.31 MB ( <1%) committed,  1 nodes.
             Both:        1.06 GB reserved,      64.19 MB (  6%) committed. 

Chunk freelists:
   Non-Class:  6.75 MB
       Class:  8.54 MB
        Both:  15.29 MB

MaxMetaspaceSize: unlimited
CompressedClassSpaceSize: 1.00 GB
Initial GC threshold: 21.00 MB
Current GC threshold: 98.12 MB
CDS: on
 - commit_granule_bytes: 65536.
 - commit_granule_words: 8192.
 - virtual_space_node_default_size: 8388608.
 - enlarge_chunks_in_place: 1.
 - use_allocation_guard: 0.


Internal statistics:

num_allocs_failed_limit: 13.
num_arena_births: 1310.
num_arena_deaths: 28.
num_vsnodes_births: 2.
num_vsnodes_deaths: 0.
num_space_committed: 1027.
num_space_uncommitted: 0.
num_chunks_returned_to_freelist: 45.
num_chunks_taken_from_freelist: 4346.
num_chunk_merges: 22.
num_chunk_splits: 2692.
num_chunks_enlarged: 1518.
num_inconsistent_stats: 0.

CodeHeap 'non-profiled nmethods': size=120000Kb used=6636Kb max_used=6636Kb free=113363Kb
 bounds [0x000002483d100000, 0x000002483d780000, 0x0000024844630000]
CodeHeap 'profiled nmethods': size=120000Kb used=24669Kb max_used=24669Kb free=95330Kb
 bounds [0x0000024835630000, 0x0000024836e50000, 0x000002483cb60000]
CodeHeap 'non-nmethods': size=5760Kb used=1441Kb max_used=1479Kb free=4318Kb
 bounds [0x000002483cb60000, 0x000002483cdd0000, 0x000002483d100000]
CodeCache: size=245760Kb, used=32746Kb, max_used=32784Kb, free=213011Kb
 total_blobs=11914, nmethods=11175, adapters=644, full_count=0
Compilation: enabled, stopped_count=0, restarted_count=0

Compilation events (20 events):
Event: 38526.090 Thread 0x00000248323d6ed0 11870       1       org.eclipse.lsp4j.ClientCapabilities::getWindow (5 bytes)
Event: 38526.092 Thread 0x00000248323d6ed0 nmethod 11870 0x000002483d77ac10 code [0x000002483d77ada0, 0x000002483d77ae68]
Event: 38526.096 Thread 0x00000248323d6ed0 11871       3       org.eclipse.lsp4j.jsonrpc.messages.Message::<init> (11 bytes)
Event: 38526.098 Thread 0x00000248323d6ed0 nmethod 11871 0x0000024836e42610 code [0x0000024836e427c0, 0x0000024836e42948]
Event: 38526.098 Thread 0x00000248323d6ed0 11872       3       org.eclipse.jdt.ls.core.internal.ParentProcessWatcher$$Lambda/0x000002484a42ced0::consume (13 bytes)
Event: 38526.107 Thread 0x00000248323d6ed0 nmethod 11872 0x0000024836e42a10 code [0x0000024836e42bc0, 0x0000024836e42e58]
Event: 38526.107 Thread 0x00000248323d6ed0 11873       3       org.eclipse.jdt.ls.core.internal.ParentProcessWatcher::lambda$1 (15 bytes)
Event: 38526.107 Thread 0x00000248323d6ed0 nmethod 11873 0x0000024836e42f90 code [0x0000024836e43140, 0x0000024836e43370]
Event: 38695.162 Thread 0x00000248323d6ed0 11874       3       java.util.logging.LogManager::demandLogger (53 bytes)
Event: 38695.196 Thread 0x00000248323d6ed0 nmethod 11874 0x0000024836e43490 code [0x0000024836e436c0, 0x0000024836e43cf8]
Event: 38695.196 Thread 0x00000248323d6ed0 11875       3       java.util.logging.LogManager::getLogger (9 bytes)
Event: 38695.197 Thread 0x00000248323d6ed0 nmethod 11875 0x0000024836e43f90 code [0x0000024836e44140, 0x0000024836e44350]
Event: 38894.404 Thread 0x00000248323d6ed0 11876       1       org.eclipse.core.internal.jobs.InternalJob::getName (5 bytes)
Event: 38894.415 Thread 0x00000248323d6ed0 nmethod 11876 0x000002483d77af10 code [0x000002483d77b0a0, 0x000002483d77b168]
Event: 38894.416 Thread 0x00000248323d6ed0 11877       3       org.eclipse.core.internal.resources.Resource::contains (131 bytes)
Event: 38894.484 Thread 0x00000248323d6ed0 nmethod 11877 0x0000024836e44490 code [0x0000024836e44720, 0x0000024836e456c0]
Event: 38942.984 Thread 0x00000248323d6ed0 11878   !   3       com.google.gson.internal.bind.ReflectiveTypeAdapterFactory$Adapter::read (115 bytes)
Event: 38943.055 Thread 0x00000248323d6ed0 nmethod 11878 0x0000024836e45a90 code [0x0000024836e45d60, 0x0000024836e46bc8]
Event: 38943.164 Thread 0x00000248323d6ed0 11881       3       java.util.concurrent.locks.LockSupport::setCurrentBlocker (14 bytes)
Event: 38943.175 Thread 0x00000248323d6ed0 nmethod 11881 0x0000024836e47010 code [0x0000024836e471c0, 0x0000024836e473e8]

GC Heap History (20 events):
Event: 38.799 GC heap before
{Heap before GC invocations=100 (full 3):
 PSYoungGen      total 13312K, used 12799K [0x00000000d5580000, 0x00000000d6500000, 0x0000000100000000)
  eden space 12800K, 99% used [0x00000000d5580000,0x00000000d61fffd0,0x00000000d6200000)
  from space 512K, 0% used [0x00000000d6380000,0x00000000d6380000,0x00000000d6400000)
  to   space 1536K, 0% used [0x00000000d6200000,0x00000000d6200000,0x00000000d6380000)
 ParOldGen       total 84992K, used 63098K [0x0000000080000000, 0x0000000085300000, 0x00000000d5580000)
  object space 84992K, 74% used [0x0000000080000000,0x0000000083d9e868,0x0000000085300000)
 Metaspace       used 59373K, committed 60800K, reserved 1114112K
  class space    used 6360K, committed 6976K, reserved 1048576K
}
Event: 38.803 GC heap after
{Heap after GC invocations=100 (full 3):
 PSYoungGen      total 14336K, used 1505K [0x00000000d5580000, 0x00000000d6600000, 0x0000000100000000)
  eden space 12800K, 0% used [0x00000000d5580000,0x00000000d5580000,0x00000000d6200000)
  from space 1536K, 98% used [0x00000000d6200000,0x00000000d6378690,0x00000000d6380000)
  to   space 2048K, 0% used [0x00000000d6400000,0x00000000d6400000,0x00000000d6600000)
 ParOldGen       total 84992K, used 63098K [0x0000000080000000, 0x0000000085300000, 0x00000000d5580000)
  object space 84992K, 74% used [0x0000000080000000,0x0000000083d9e868,0x0000000085300000)
 Metaspace       used 59373K, committed 60800K, reserved 1114112K
  class space    used 6360K, committed 6976K, reserved 1048576K
}
Event: 38.885 GC heap before
{Heap before GC invocations=101 (full 3):
 PSYoungGen      total 14336K, used 14305K [0x00000000d5580000, 0x00000000d6600000, 0x0000000100000000)
  eden space 12800K, 100% used [0x00000000d5580000,0x00000000d6200000,0x00000000d6200000)
  from space 1536K, 98% used [0x00000000d6200000,0x00000000d6378690,0x00000000d6380000)
  to   space 2048K, 0% used [0x00000000d6400000,0x00000000d6400000,0x00000000d6600000)
 ParOldGen       total 84992K, used 63098K [0x0000000080000000, 0x0000000085300000, 0x00000000d5580000)
  object space 84992K, 74% used [0x0000000080000000,0x0000000083d9e868,0x0000000085300000)
 Metaspace       used 59427K, committed 60864K, reserved 1114112K
  class space    used 6366K, committed 6976K, reserved 1048576K
}
Event: 38.888 GC heap after
{Heap after GC invocations=101 (full 3):
 PSYoungGen      total 13824K, used 937K [0x00000000d5580000, 0x00000000d6500000, 0x0000000100000000)
  eden space 12800K, 0% used [0x00000000d5580000,0x00000000d5580000,0x00000000d6200000)
  from space 1024K, 91% used [0x00000000d6400000,0x00000000d64ea778,0x00000000d6500000)
  to   space 1536K, 0% used [0x00000000d6200000,0x00000000d6200000,0x00000000d6380000)
 ParOldGen       total 84992K, used 63942K [0x0000000080000000, 0x0000000085300000, 0x00000000d5580000)
  object space 84992K, 75% used [0x0000000080000000,0x0000000083e71ad0,0x0000000085300000)
 Metaspace       used 59427K, committed 60864K, reserved 1114112K
  class space    used 6366K, committed 6976K, reserved 1048576K
}
Event: 38.935 GC heap before
{Heap before GC invocations=102 (full 3):
 PSYoungGen      total 13824K, used 13652K [0x00000000d5580000, 0x00000000d6500000, 0x0000000100000000)
  eden space 12800K, 99% used [0x00000000d5580000,0x00000000d61ea940,0x00000000d6200000)
  from space 1024K, 91% used [0x00000000d6400000,0x00000000d64ea778,0x00000000d6500000)
  to   space 1536K, 0% used [0x00000000d6200000,0x00000000d6200000,0x00000000d6380000)
 ParOldGen       total 84992K, used 63942K [0x0000000080000000, 0x0000000085300000, 0x00000000d5580000)
  object space 84992K, 75% used [0x0000000080000000,0x0000000083e71ad0,0x0000000085300000)
 Metaspace       used 59431K, committed 60864K, reserved 1114112K
  class space    used 6366K, committed 6976K, reserved 1048576K
}
Event: 38.936 GC heap after
{Heap after GC invocations=102 (full 3):
 PSYoungGen      total 14336K, used 1210K [0x00000000d5580000, 0x00000000d6500000, 0x0000000100000000)
  eden space 12800K, 0% used [0x00000000d5580000,0x00000000d5580000,0x00000000d6200000)
  from space 1536K, 78% used [0x00000000d6200000,0x00000000d632e858,0x00000000d6380000)
  to   space 1536K, 0% used [0x00000000d6380000,0x00000000d6380000,0x00000000d6500000)
 ParOldGen       total 84992K, used 64006K [0x0000000080000000, 0x0000000085300000, 0x00000000d5580000)
  object space 84992K, 75% used [0x0000000080000000,0x0000000083e81ad0,0x0000000085300000)
 Metaspace       used 59431K, committed 60864K, reserved 1114112K
  class space    used 6366K, committed 6976K, reserved 1048576K
}
Event: 39.595 GC heap before
{Heap before GC invocations=103 (full 3):
 PSYoungGen      total 14336K, used 14010K [0x00000000d5580000, 0x00000000d6500000, 0x0000000100000000)
  eden space 12800K, 100% used [0x00000000d5580000,0x00000000d6200000,0x00000000d6200000)
  from space 1536K, 78% used [0x00000000d6200000,0x00000000d632e858,0x00000000d6380000)
  to   space 1536K, 0% used [0x00000000d6380000,0x00000000d6380000,0x00000000d6500000)
 ParOldGen       total 84992K, used 64006K [0x0000000080000000, 0x0000000085300000, 0x00000000d5580000)
  object space 84992K, 75% used [0x0000000080000000,0x0000000083e81ad0,0x0000000085300000)
 Metaspace       used 60820K, committed 62208K, reserved 1114112K
  class space    used 6498K, committed 7104K, reserved 1048576K
}
Event: 39.597 GC heap after
{Heap after GC invocations=103 (full 3):
 PSYoungGen      total 13824K, used 615K [0x00000000d5580000, 0x00000000d6480000, 0x0000000100000000)
  eden space 12800K, 0% used [0x00000000d5580000,0x00000000d5580000,0x00000000d6200000)
  from space 1024K, 60% used [0x00000000d6380000,0x00000000d6419f10,0x00000000d6480000)
  to   space 1024K, 0% used [0x00000000d6280000,0x00000000d6280000,0x00000000d6380000)
 ParOldGen       total 84992K, used 64006K [0x0000000080000000, 0x0000000085300000, 0x00000000d5580000)
  object space 84992K, 75% used [0x0000000080000000,0x0000000083e81ad0,0x0000000085300000)
 Metaspace       used 60820K, committed 62208K, reserved 1114112K
  class space    used 6498K, committed 7104K, reserved 1048576K
}
Event: 71.647 GC heap before
{Heap before GC invocations=104 (full 3):
 PSYoungGen      total 13824K, used 13302K [0x00000000d5580000, 0x00000000d6480000, 0x0000000100000000)
  eden space 12800K, 99% used [0x00000000d5580000,0x00000000d61e3b70,0x00000000d6200000)
  from space 1024K, 60% used [0x00000000d6380000,0x00000000d6419f10,0x00000000d6480000)
  to   space 1024K, 0% used [0x00000000d6280000,0x00000000d6280000,0x00000000d6380000)
 ParOldGen       total 84992K, used 64006K [0x0000000080000000, 0x0000000085300000, 0x00000000d5580000)
  object space 84992K, 75% used [0x0000000080000000,0x0000000083e81ad0,0x0000000085300000)
 Metaspace       used 61035K, committed 62464K, reserved 1114112K
  class space    used 6517K, committed 7168K, reserved 1048576K
}
Event: 71.756 GC heap after
{Heap after GC invocations=104 (full 3):
 PSYoungGen      total 13824K, used 1020K [0x00000000d5580000, 0x00000000d7100000, 0x0000000100000000)
  eden space 12800K, 0% used [0x00000000d5580000,0x00000000d5580000,0x00000000d6200000)
  from space 1024K, 99% used [0x00000000d6280000,0x00000000d637f040,0x00000000d6380000)
  to   space 7680K, 0% used [0x00000000d6980000,0x00000000d6980000,0x00000000d7100000)
 ParOldGen       total 84992K, used 69447K [0x0000000080000000, 0x0000000085300000, 0x00000000d5580000)
  object space 84992K, 81% used [0x0000000080000000,0x00000000843d1c10,0x0000000085300000)
 Metaspace       used 61035K, committed 62464K, reserved 1114112K
  class space    used 6517K, committed 7168K, reserved 1048576K
}
Event: 35349.897 GC heap before
{Heap before GC invocations=105 (full 3):
 PSYoungGen      total 13824K, used 13820K [0x00000000d5580000, 0x00000000d7100000, 0x0000000100000000)
  eden space 12800K, 100% used [0x00000000d5580000,0x00000000d6200000,0x00000000d6200000)
  from space 1024K, 99% used [0x00000000d6280000,0x00000000d637f040,0x00000000d6380000)
  to   space 7680K, 0% used [0x00000000d6980000,0x00000000d6980000,0x00000000d7100000)
 ParOldGen       total 84992K, used 69447K [0x0000000080000000, 0x0000000085300000, 0x00000000d5580000)
  object space 84992K, 81% used [0x0000000080000000,0x00000000843d1c10,0x0000000085300000)
 Metaspace       used 61557K, committed 62976K, reserved 1114112K
  class space    used 6559K, committed 7168K, reserved 1048576K
}
Event: 35349.970 GC heap after
{Heap after GC invocations=105 (full 3):
 PSYoungGen      total 13312K, used 352K [0x00000000d5580000, 0x00000000d6a00000, 0x0000000100000000)
  eden space 12800K, 0% used [0x00000000d5580000,0x00000000d5580000,0x00000000d6200000)
  from space 512K, 68% used [0x00000000d6980000,0x00000000d69d8000,0x00000000d6a00000)
  to   space 2560K, 0% used [0x00000000d6500000,0x00000000d6500000,0x00000000d6780000)
 ParOldGen       total 84992K, used 69607K [0x0000000080000000, 0x0000000085300000, 0x00000000d5580000)
  object space 84992K, 81% used [0x0000000080000000,0x00000000843f9c10,0x0000000085300000)
 Metaspace       used 61557K, committed 62976K, reserved 1114112K
  class space    used 6559K, committed 7168K, reserved 1048576K
}
Event: 35353.490 GC heap before
{Heap before GC invocations=106 (full 3):
 PSYoungGen      total 13312K, used 13152K [0x00000000d5580000, 0x00000000d6a00000, 0x0000000100000000)
  eden space 12800K, 100% used [0x00000000d5580000,0x00000000d6200000,0x00000000d6200000)
  from space 512K, 68% used [0x00000000d6980000,0x00000000d69d8000,0x00000000d6a00000)
  to   space 2560K, 0% used [0x00000000d6500000,0x00000000d6500000,0x00000000d6780000)
 ParOldGen       total 84992K, used 69607K [0x0000000080000000, 0x0000000085300000, 0x00000000d5580000)
  object space 84992K, 81% used [0x0000000080000000,0x00000000843f9c10,0x0000000085300000)
 Metaspace       used 62660K, committed 64192K, reserved 1114112K
  class space    used 6681K, committed 7360K, reserved 1048576K
}
Event: 35353.500 GC heap after
{Heap after GC invocations=106 (full 3):
 PSYoungGen      total 15360K, used 1113K [0x00000000d5580000, 0x00000000d6a00000, 0x0000000100000000)
  eden space 12800K, 0% used [0x00000000d5580000,0x00000000d5580000,0x00000000d6200000)
  from space 2560K, 43% used [0x00000000d6500000,0x00000000d6616490,0x00000000d6780000)
  to   space 1536K, 0% used [0x00000000d6880000,0x00000000d6880000,0x00000000d6a00000)
 ParOldGen       total 84992K, used 69831K [0x0000000080000000, 0x0000000085300000, 0x00000000d5580000)
  object space 84992K, 82% used [0x0000000080000000,0x0000000084431dc0,0x0000000085300000)
 Metaspace       used 62660K, committed 64192K, reserved 1114112K
  class space    used 6681K, committed 7360K, reserved 1048576K
}
Event: 35354.927 GC heap before
{Heap before GC invocations=107 (full 3):
 PSYoungGen      total 15360K, used 13913K [0x00000000d5580000, 0x00000000d6a00000, 0x0000000100000000)
  eden space 12800K, 100% used [0x00000000d5580000,0x00000000d6200000,0x00000000d6200000)
  from space 2560K, 43% used [0x00000000d6500000,0x00000000d6616490,0x00000000d6780000)
  to   space 1536K, 0% used [0x00000000d6880000,0x00000000d6880000,0x00000000d6a00000)
 ParOldGen       total 84992K, used 69831K [0x0000000080000000, 0x0000000085300000, 0x00000000d5580000)
  object space 84992K, 82% used [0x0000000080000000,0x0000000084431dc0,0x0000000085300000)
 Metaspace       used 62950K, committed 64448K, reserved 1114112K
  class space    used 6719K, committed 7360K, reserved 1048576K
}
Event: 35354.934 GC heap after
{Heap after GC invocations=107 (full 3):
 PSYoungGen      total 14336K, used 1520K [0x00000000d5580000, 0x00000000d6a00000, 0x0000000100000000)
  eden space 12800K, 0% used [0x00000000d5580000,0x00000000d5580000,0x00000000d6200000)
  from space 1536K, 98% used [0x00000000d6880000,0x00000000d69fc010,0x00000000d6a00000)
  to   space 2048K, 0% used [0x00000000d6600000,0x00000000d6600000,0x00000000d6800000)
 ParOldGen       total 84992K, used 70664K [0x0000000080000000, 0x0000000085300000, 0x00000000d5580000)
  object space 84992K, 83% used [0x0000000080000000,0x0000000084502260,0x0000000085300000)
 Metaspace       used 62950K, committed 64448K, reserved 1114112K
  class space    used 6719K, committed 7360K, reserved 1048576K
}
Event: 35650.491 GC heap before
{Heap before GC invocations=108 (full 3):
 PSYoungGen      total 14336K, used 14311K [0x00000000d5580000, 0x00000000d6a00000, 0x0000000100000000)
  eden space 12800K, 99% used [0x00000000d5580000,0x00000000d61fdee8,0x00000000d6200000)
  from space 1536K, 98% used [0x00000000d6880000,0x00000000d69fc010,0x00000000d6a00000)
  to   space 2048K, 0% used [0x00000000d6600000,0x00000000d6600000,0x00000000d6800000)
 ParOldGen       total 108544K, used 101384K [0x0000000080000000, 0x0000000086a00000, 0x00000000d5580000)
  object space 108544K, 93% used [0x0000000080000000,0x0000000086302290,0x0000000086a00000)
 Metaspace       used 63811K, committed 65344K, reserved 1114112K
  class space    used 6813K, committed 7488K, reserved 1048576K
}
Event: 35650.554 GC heap after
{Heap after GC invocations=108 (full 3):
 PSYoungGen      total 14848K, used 677K [0x00000000d5580000, 0x00000000d6900000, 0x0000000100000000)
  eden space 12800K, 0% used [0x00000000d5580000,0x00000000d5580000,0x00000000d6200000)
  from space 2048K, 33% used [0x00000000d6600000,0x00000000d66a9420,0x00000000d6800000)
  to   space 1024K, 0% used [0x00000000d6800000,0x00000000d6800000,0x00000000d6900000)
 ParOldGen       total 108544K, used 102184K [0x0000000080000000, 0x0000000086a00000, 0x00000000d5580000)
  object space 108544K, 94% used [0x0000000080000000,0x00000000863ca290,0x0000000086a00000)
 Metaspace       used 63811K, committed 65344K, reserved 1114112K
  class space    used 6813K, committed 7488K, reserved 1048576K
}
Event: 37526.616 GC heap before
{Heap before GC invocations=109 (full 3):
 PSYoungGen      total 14848K, used 13477K [0x00000000d5580000, 0x00000000d6900000, 0x0000000100000000)
  eden space 12800K, 100% used [0x00000000d5580000,0x00000000d6200000,0x00000000d6200000)
  from space 2048K, 33% used [0x00000000d6600000,0x00000000d66a9420,0x00000000d6800000)
  to   space 1024K, 0% used [0x00000000d6800000,0x00000000d6800000,0x00000000d6900000)
 ParOldGen       total 108544K, used 102184K [0x0000000080000000, 0x0000000086a00000, 0x00000000d5580000)
  object space 108544K, 94% used [0x0000000080000000,0x00000000863ca290,0x0000000086a00000)
 Metaspace       used 64239K, committed 65728K, reserved 1114112K
  class space    used 6840K, committed 7488K, reserved 1048576K
}
Event: 37526.767 GC heap after
{Heap after GC invocations=109 (full 3):
 PSYoungGen      total 13312K, used 384K [0x00000000d5580000, 0x00000000d6880000, 0x0000000100000000)
  eden space 12800K, 0% used [0x00000000d5580000,0x00000000d5580000,0x00000000d6200000)
  from space 512K, 75% used [0x00000000d6800000,0x00000000d6860020,0x00000000d6880000)
  to   space 1024K, 0% used [0x00000000d6680000,0x00000000d6680000,0x00000000d6780000)
 ParOldGen       total 108544K, used 102693K [0x0000000080000000, 0x0000000086a00000, 0x00000000d5580000)
  object space 108544K, 94% used [0x0000000080000000,0x0000000086449418,0x0000000086a00000)
 Metaspace       used 64239K, committed 65728K, reserved 1114112K
  class space    used 6840K, committed 7488K, reserved 1048576K
}

Dll operation events (10 events):
Event: 0.011 Loaded shared library c:\Users\porta\.vscode\extensions\redhat.java-1.50.0-win32-x64\jre\21.0.9-win32-x86_64\bin\java.dll
Event: 0.112 Loaded shared library c:\Users\porta\.vscode\extensions\redhat.java-1.50.0-win32-x64\jre\21.0.9-win32-x86_64\bin\zip.dll
Event: 0.144 Loaded shared library C:\Users\porta\.vscode\extensions\redhat.java-1.50.0-win32-x64\jre\21.0.9-win32-x86_64\bin\instrument.dll
Event: 0.152 Loaded shared library C:\Users\porta\.vscode\extensions\redhat.java-1.50.0-win32-x64\jre\21.0.9-win32-x86_64\bin\net.dll
Event: 0.274 Loaded shared library C:\Users\porta\.vscode\extensions\redhat.java-1.50.0-win32-x64\jre\21.0.9-win32-x86_64\bin\nio.dll
Event: 0.285 Loaded shared library C:\Users\porta\.vscode\extensions\redhat.java-1.50.0-win32-x64\jre\21.0.9-win32-x86_64\bin\zip.dll
Event: 0.340 Loaded shared library C:\Users\porta\.vscode\extensions\redhat.java-1.50.0-win32-x64\jre\21.0.9-win32-x86_64\bin\jimage.dll
Event: 0.618 Loaded shared library c:\Users\porta\.vscode\extensions\redhat.java-1.50.0-win32-x64\jre\21.0.9-win32-x86_64\bin\verify.dll
Event: 9.164 Loaded shared library C:\Users\porta\AppData\Roaming\Code\User\globalStorage\redhat.java\1.50.0\config_win\org.eclipse.equinox.launcher\org.eclipse.equinox.launcher.win32.win32.x86_64_1.2.1400.v20250801-0854\eclipse_11916.dll
Event: 19.265 Loaded shared library C:\Users\porta\AppData\Local\Temp\jna-106854400\jna11589546992911687674.dll

Deoptimization events (20 events):
Event: 35702.146 Thread 0x00000248931c07b0 DEOPT PACKING pc=0x000002483d6cd87c sp=0x0000006f07efe730
Event: 35702.146 Thread 0x00000248931c07b0 DEOPT UNPACKING pc=0x000002483cbb6da2 sp=0x0000006f07efe660 mode 2
Event: 35703.034 Thread 0x0000024892a66d10 Uncommon trap: trap_request=0xffffffde fr.pc=0x000002483d4e1fb4 relative=0x0000000000000a74
Event: 35703.034 Thread 0x0000024892a66d10 Uncommon trap: reason=class_check action=maybe_recompile pc=0x000002483d4e1fb4 method=java.util.HashMap.computeIfAbsent(Ljava/lang/Object;Ljava/util/function/Function;)Ljava/lang/Object; @ 142 c2
Event: 35703.034 Thread 0x0000024892a66d10 DEOPT PACKING pc=0x000002483d4e1fb4 sp=0x0000006f04cfd780
Event: 35703.034 Thread 0x0000024892a66d10 DEOPT UNPACKING pc=0x000002483cbb6da2 sp=0x0000006f04cfd728 mode 2
Event: 35703.204 Thread 0x0000024892a66d10 Uncommon trap: trap_request=0xffffffde fr.pc=0x000002483d4e1fb4 relative=0x0000000000000a74
Event: 35703.204 Thread 0x0000024892a66d10 Uncommon trap: reason=class_check action=maybe_recompile pc=0x000002483d4e1fb4 method=java.util.HashMap.computeIfAbsent(Ljava/lang/Object;Ljava/util/function/Function;)Ljava/lang/Object; @ 142 c2
Event: 35703.204 Thread 0x0000024892a66d10 DEOPT PACKING pc=0x000002483d4e1fb4 sp=0x0000006f04cfd780
Event: 35703.207 Thread 0x0000024892a66d10 DEOPT UNPACKING pc=0x000002483cbb6da2 sp=0x0000006f04cfd728 mode 2
Event: 36002.829 Thread 0x0000024892a66d10 Uncommon trap: trap_request=0xffffff45 fr.pc=0x000002483d756e48 relative=0x0000000000000188
Event: 36002.829 Thread 0x0000024892a66d10 Uncommon trap: reason=unstable_if action=reinterpret pc=0x000002483d756e48 method=java.io.ObjectOutputStream$HandleTable.lookup(Ljava/lang/Object;)I @ 4 c2
Event: 36002.830 Thread 0x0000024892a66d10 DEOPT PACKING pc=0x000002483d756e48 sp=0x0000006f04cfead0
Event: 36002.831 Thread 0x0000024892a66d10 DEOPT UNPACKING pc=0x000002483cbb6da2 sp=0x0000006f04cfea60 mode 2
Event: 37477.921 Thread 0x0000024892a673a0 Uncommon trap: trap_request=0xffffff45 fr.pc=0x000002483d762e4c relative=0x00000000000008ec
Event: 37477.922 Thread 0x0000024892a673a0 Uncommon trap: reason=unstable_if action=reinterpret pc=0x000002483d762e4c method=org.eclipse.core.runtime.Path.append(Ljava/lang/String;)Lorg/eclipse/core/runtime/IPath; @ 37 c2
Event: 37477.922 Thread 0x0000024892a673a0 DEOPT PACKING pc=0x000002483d762e4c sp=0x0000006f06dfec10
Event: 37477.922 Thread 0x0000024892a673a0 DEOPT UNPACKING pc=0x000002483cbb6da2 sp=0x0000006f06dfebd8 mode 2
Event: 38472.756 Thread 0x00000248931c07b0 DEOPT PACKING pc=0x0000024836bafdc1 sp=0x0000006f07efeb80
Event: 38472.759 Thread 0x00000248931c07b0 DEOPT UNPACKING pc=0x000002483cbb78e2 sp=0x0000006f07efe060 mode 0

Classes loaded (20 events):
Event: 35356.044 Loading class java/nio/BufferMismatch
Event: 35356.061 Loading class java/nio/BufferMismatch done
Event: 35356.075 Loading class java/nio/file/attribute/PosixFileAttributes
Event: 35356.091 Loading class java/nio/file/attribute/PosixFileAttributes done
Event: 35650.316 Loading class java/util/stream/Nodes$CollectorTask$OfRef
Event: 35650.326 Loading class java/util/stream/Nodes$CollectorTask
Event: 35650.340 Loading class java/util/stream/Nodes$CollectorTask done
Event: 35650.340 Loading class java/util/stream/Nodes$CollectorTask$OfRef done
Event: 35650.344 Loading class java/util/function/LongFunction
Event: 35650.348 Loading class java/util/function/LongFunction done
Event: 35650.358 Loading class java/util/stream/Nodes$ConcNode
Event: 35650.362 Loading class java/util/stream/Nodes$AbstractConcNode
Event: 35650.368 Loading class java/util/stream/Nodes$AbstractConcNode done
Event: 35650.368 Loading class java/util/stream/Nodes$ConcNode done
Event: 35650.702 Loading class java/io/ObjectOutputStream$BlockDataOutputStream
Event: 35650.708 Loading class java/io/ObjectOutputStream$BlockDataOutputStream done
Event: 35650.708 Loading class java/io/ObjectOutputStream$HandleTable
Event: 35650.711 Loading class java/io/ObjectOutputStream$HandleTable done
Event: 35650.711 Loading class java/io/ObjectOutputStream$ReplaceTable
Event: 35650.713 Loading class java/io/ObjectOutputStream$ReplaceTable done

Classes unloaded (14 events):
Event: 19.783 Thread 0x00000248323a1d70 Unloading class 0x000002484a1a8c00 'java/lang/invoke/LambdaForm$MH+0x000002484a1a8c00'
Event: 19.783 Thread 0x00000248323a1d70 Unloading class 0x000002484a1a8800 'java/lang/invoke/LambdaForm$MH+0x000002484a1a8800'
Event: 19.783 Thread 0x00000248323a1d70 Unloading class 0x000002484a1a8400 'java/lang/invoke/LambdaForm$MH+0x000002484a1a8400'
Event: 19.783 Thread 0x00000248323a1d70 Unloading class 0x000002484a1a8000 'java/lang/invoke/LambdaForm$MH+0x000002484a1a8000'
Event: 19.783 Thread 0x00000248323a1d70 Unloading class 0x000002484a1a7c00 'java/lang/invoke/LambdaForm$BMH+0x000002484a1a7c00'
Event: 19.783 Thread 0x00000248323a1d70 Unloading class 0x000002484a1a7800 'java/lang/invoke/LambdaForm$DMH+0x000002484a1a7800'
Event: 19.783 Thread 0x00000248323a1d70 Unloading class 0x000002484a1a6400 'java/lang/invoke/LambdaForm$DMH+0x000002484a1a6400'
Event: 37.485 Thread 0x00000248323a1d70 Unloading class 0x000002484a6c1000 'java/lang/invoke/LambdaForm$MH+0x000002484a6c1000'
Event: 37.485 Thread 0x00000248323a1d70 Unloading class 0x000002484a6c0800 'java/lang/invoke/LambdaForm$MH+0x000002484a6c0800'
Event: 37.485 Thread 0x00000248323a1d70 Unloading class 0x000002484a6c0000 'java/lang/invoke/LambdaForm$MH+0x000002484a6c0000'
Event: 37.485 Thread 0x00000248323a1d70 Unloading class 0x000002484a63a400 'java/lang/invoke/LambdaForm$DMH+0x000002484a63a400'
Event: 37.485 Thread 0x00000248323a1d70 Unloading class 0x000002484a63a000 'java/lang/invoke/LambdaForm$DMH+0x000002484a63a000'
Event: 37.485 Thread 0x00000248323a1d70 Unloading class 0x000002484a639c00 'java/lang/invoke/LambdaForm$DMH+0x000002484a639c00'
Event: 37.485 Thread 0x00000248323a1d70 Unloading class 0x000002484a639400 'java/lang/invoke/LambdaForm$DMH+0x000002484a639400'

Classes redefined (0 events):
No events

Internal exceptions (20 events):
Event: 35351.853 Thread 0x0000024892a63f20 Exception <a 'java/io/FileNotFoundException'{0x00000000d57bb8d0}> (0x00000000d57bb8d0) 
thrown [s\src\hotspot\share\prims\jni.cpp, line 520]
Event: 35351.854 Thread 0x0000024892a63f20 Exception <a 'java/io/FileNotFoundException'{0x00000000d57bc920}> (0x00000000d57bc920) 
thrown [s\src\hotspot\share\prims\jni.cpp, line 520]
Event: 35352.819 Thread 0x0000024892a63f20 Exception <a 'java/lang/NoSuchMethodError'{0x00000000d5e4ec00}: 'java.lang.Object java.lang.invoke.DirectMethodHandle$Holder.newInvokeSpecial(java.lang.Object, java.lang.Object, int, java.lang.Object, java.lang.Object)'> (0x00000000d5e4ec00) 
thrown [s\src\hotspot\share\interpreter\linkResolver.cpp, line 773]
Event: 35352.849 Thread 0x0000024892a63f20 Exception <a 'java/lang/NoSuchMethodError'{0x00000000d5e68770}: 'java.lang.Object java.lang.invoke.DirectMethodHandle$Holder.invokeSpecial(java.lang.Object, java.lang.Object, java.lang.Object, int, java.lang.Object, java.lang.Object, java.lang.Object)'> (0x00000000d5e68770) 
thrown [s\src\hotspot\share\interpreter\linkResolver.cpp, line 773]
Event: 35352.855 Thread 0x0000024892a63f20 Exception <a 'java/lang/NoSuchMethodError'{0x00000000d5e70b78}: 'java.lang.Object java.lang.invoke.DirectMethodHandle$Holder.invokeStatic(java.lang.Object, java.lang.Object, int, java.lang.Object, java.lang.Object)'> (0x00000000d5e70b78) 
thrown [s\src\hotspot\share\interpreter\linkResolver.cpp, line 773]
Event: 35352.976 Thread 0x0000024892a63f20 Exception <a 'java/lang/NoSuchMethodError'{0x00000000d5ef49b0}: 'void java.lang.invoke.DirectMethodHandle$Holder.invokeStatic(java.lang.Object, int)'> (0x00000000d5ef49b0) 
thrown [s\src\hotspot\share\interpreter\linkResolver.cpp, line 773]
Event: 35354.664 Thread 0x0000024892a63f20 Exception <a 'java/io/FileNotFoundException'{0x00000000d59a06a0}> (0x00000000d59a06a0) 
thrown [s\src\hotspot\share\prims\jni.cpp, line 520]
Event: 35354.665 Thread 0x0000024892a63f20 Exception <a 'java/io/FileNotFoundException'{0x00000000d59a1978}> (0x00000000d59a1978) 
thrown [s\src\hotspot\share\prims\jni.cpp, line 520]
Event: 35354.665 Thread 0x0000024892a63f20 Exception <a 'java/io/FileNotFoundException'{0x00000000d59a29a8}> (0x00000000d59a29a8) 
thrown [s\src\hotspot\share\prims\jni.cpp, line 520]
Event: 35355.272 Thread 0x0000024892a63f20 Implicit null exception at 0x000002483d6048b6 to 0x000002483d60e4a4
Event: 35355.276 Thread 0x0000024892a63f20 Implicit null exception at 0x000002483d5fd3f7 to 0x000002483d5fd660
Event: 35356.171 Thread 0x0000024892a63f20 Implicit null exception at 0x000002483d74385a to 0x000002483d743871
Event: 35650.640 Thread 0x00000248907fa7d0 Exception <a 'sun/nio/fs/WindowsException'{0x00000000d55a6128}> (0x00000000d55a6128) 
thrown [s\src\hotspot\share\prims\jni.cpp, line 520]
Event: 35650.643 Thread 0x00000248907fa7d0 Exception <a 'sun/nio/fs/WindowsException'{0x00000000d55a6a08}> (0x00000000d55a6a08) 
thrown [s\src\hotspot\share\prims\jni.cpp, line 520]
Event: 35650.661 Thread 0x00000248907fa7d0 Implicit null exception at 0x000002483d6d7186 to 0x000002483d6d7504
Event: 35650.845 Thread 0x00000248907fa7d0 Exception <a 'java/lang/NoSuchMethodError'{0x00000000d563d740}: static [J.<clinit>()V> (0x00000000d563d740) 
thrown [s\src\hotspot\share\prims\jni.cpp, line 1111]
Event: 35650.899 Thread 0x00000248907fa7d0 Exception <a 'java/lang/NoSuchMethodError'{0x00000000d56704b8}: 'java.lang.Object java.lang.invoke.DirectMethodHandle$Holder.newInvokeSpecial(java.lang.Object, java.lang.Object, java.lang.Object, java.lang.Object, java.lang.Object, java.lang.Object, java.lang.Object, java.lang.Object)'> (0x00000000d56704b8) 
thrown [s\src\hotspot\share\interpreter\linkResolver.cpp, line 773]
Event: 36002.769 Thread 0x0000024892a66d10 Exception <a 'sun/nio/fs/WindowsException'{0x00000000d5f99c40}> (0x00000000d5f99c40) 
thrown [s\src\hotspot\share\prims\jni.cpp, line 520]
Event: 36002.775 Thread 0x0000024892a66d10 Exception <a 'sun/nio/fs/WindowsException'{0x00000000d5f9a520}> (0x00000000d5f9a520) 
thrown [s\src\hotspot\share\prims\jni.cpp, line 520]
Event: 37477.418 Thread 0x00000248931c4950 Exception <a 'java/lang/IncompatibleClassChangeError'{0x00000000d6102068}: Found class java.lang.Object, but interface was expected> (0x00000000d6102068) 
thrown [s\src\hotspot\share\interpreter\linkResolver.cpp, line 840]

ZGC Phase Switch (0 events):
No events

VM Operations (20 events):
Event: 39130.406 Executing VM operation: HandshakeAllThreads (HandshakeForDeflation)
Event: 39130.410 Executing VM operation: HandshakeAllThreads (HandshakeForDeflation) done
Event: 39130.410 Executing VM operation: RendezvousGCThreads
Event: 39130.411 Executing VM operation: RendezvousGCThreads done
Event: 39190.532 Executing VM operation: HandshakeAllThreads (HandshakeForDeflation)
Event: 39190.538 Executing VM operation: HandshakeAllThreads (HandshakeForDeflation) done
Event: 39190.538 Executing VM operation: RendezvousGCThreads
Event: 39190.538 Executing VM operation: RendezvousGCThreads done
Event: 39250.757 Executing VM operation: HandshakeAllThreads (HandshakeForDeflation)
Event: 39250.760 Executing VM operation: HandshakeAllThreads (HandshakeForDeflation) done
Event: 39250.760 Executing VM operation: RendezvousGCThreads
Event: 39250.760 Executing VM operation: RendezvousGCThreads done
Event: 39310.885 Executing VM operation: HandshakeAllThreads (HandshakeForDeflation)
Event: 39310.888 Executing VM operation: HandshakeAllThreads (HandshakeForDeflation) done
Event: 39310.888 Executing VM operation: RendezvousGCThreads
Event: 39310.888 Executing VM operation: RendezvousGCThreads done
Event: 39371.012 Executing VM operation: HandshakeAllThreads (HandshakeForDeflation)
Event: 39371.020 Executing VM operation: HandshakeAllThreads (HandshakeForDeflation) done
Event: 39371.020 Executing VM operation: RendezvousGCThreads
Event: 39371.021 Executing VM operation: RendezvousGCThreads done

Memory protections (0 events):
No events

Nmethod flushes (20 events):
Event: 37.655 Thread 0x00000248323a1d70 flushing osr nmethod 0x0000024835e44c90
Event: 37.655 Thread 0x00000248323a1d70 flushing  nmethod 0x0000024835ea3790
Event: 37.655 Thread 0x00000248323a1d70 flushing  nmethod 0x0000024835ea6590
Event: 37.655 Thread 0x00000248323a1d70 flushing  nmethod 0x0000024835eabc90
Event: 37.655 Thread 0x00000248323a1d70 flushing  nmethod 0x0000024835eb8690
Event: 37.655 Thread 0x00000248323a1d70 flushing  nmethod 0x0000024835ec0d90
Event: 37.655 Thread 0x00000248323a1d70 flushing  nmethod 0x0000024835ee6110
Event: 37.655 Thread 0x00000248323a1d70 flushing  nmethod 0x0000024835ee6a10
Event: 37.655 Thread 0x00000248323a1d70 flushing  nmethod 0x0000024835ee6d90
Event: 37.655 Thread 0x00000248323a1d70 flushing  nmethod 0x0000024835efb610
Event: 37.655 Thread 0x00000248323a1d70 flushing  nmethod 0x0000024835f12990
Event: 37.656 Thread 0x00000248323a1d70 flushing  nmethod 0x0000024835f13b90
Event: 37.656 Thread 0x00000248323a1d70 flushing  nmethod 0x0000024835f14b10
Event: 37.656 Thread 0x00000248323a1d70 flushing  nmethod 0x0000024835f19290
Event: 37.656 Thread 0x00000248323a1d70 flushing  nmethod 0x0000024835f1a310
Event: 37.656 Thread 0x00000248323a1d70 flushing  nmethod 0x0000024835f1c510
Event: 37.656 Thread 0x00000248323a1d70 flushing  nmethod 0x0000024835f1d390
Event: 37.656 Thread 0x00000248323a1d70 flushing  nmethod 0x0000024835f1df10
Event: 37.656 Thread 0x00000248323a1d70 flushing  nmethod 0x0000024835f1e410
Event: 37.656 Thread 0x00000248323a1d70 flushing  nmethod 0x0000024835f24590

Events (20 events):
Event: 35416.262 Thread 0x0000024892a64c40 Thread exited: 0x0000024892a64c40
Event: 35416.270 Thread 0x00000248907fa140 Thread exited: 0x00000248907fa140
Event: 35650.278 Thread 0x00000248907fa7d0 Thread added: 0x0000024892a66d10
Event: 35650.378 Thread 0x0000024892a66d10 Thread exited: 0x0000024892a66d10
Event: 35650.683 Thread 0x00000248907fa7d0 Thread added: 0x0000024892a64c40
Event: 35650.687 Thread 0x0000024892a64c40 Thread exited: 0x0000024892a64c40
Event: 35651.333 Thread 0x00000248907fa7d0 Thread added: 0x0000024892a66d10
Event: 35652.912 Thread 0x0000024892a63f20 Thread exited: 0x0000024892a63f20
Event: 35702.118 Thread 0x00000248931c07b0 Thread added: 0x0000024892a673a0
Event: 35702.128 Thread 0x0000024892a66d10 Thread added: 0x0000024892a65960
Event: 35762.528 Thread 0x00000248907fa7d0 Thread exited: 0x00000248907fa7d0
Event: 35762.532 Thread 0x0000024892a673a0 Thread exited: 0x0000024892a673a0
Event: 36002.679 Thread 0x0000024892a66d10 Thread added: 0x0000024892a673a0
Event: 36002.702 Thread 0x0000024892a673a0 Thread exited: 0x0000024892a673a0
Event: 36002.790 Thread 0x0000024892a66d10 Thread added: 0x0000024892a673a0
Event: 36002.804 Thread 0x0000024892a673a0 Thread exited: 0x0000024892a673a0
Event: 37477.567 Thread 0x00000248931c4950 Thread added: 0x0000024892a673a0
Event: 37538.172 Thread 0x0000024892a673a0 Thread exited: 0x0000024892a673a0
Event: 38472.122 Thread 0x00000248931c4950 Thread added: 0x0000024892a673a0
Event: 38586.145 Thread 0x0000024892a673a0 Thread exited: 0x0000024892a673a0


Dynamic libraries:
0x00007ff76ea40000 - 0x00007ff76ea4e000 	c:\Users\porta\.vscode\extensions\redhat.java-1.50.0-win32-x64\jre\21.0.9-win32-x86_64\bin\java.exe
0x00007ffda9680000 - 0x00007ffda98e8000 	C:\WINDOWS\SYSTEM32\ntdll.dll
0x00007ffda8290000 - 0x00007ffda8359000 	C:\WINDOWS\System32\KERNEL32.DLL
0x00007ffda6d60000 - 0x00007ffda7158000 	C:\WINDOWS\System32\KERNELBASE.dll
0x00007ffda6970000 - 0x00007ffda6abb000 	C:\WINDOWS\System32\ucrtbase.dll
0x00007ffd7b470000 - 0x00007ffd7b488000 	c:\Users\porta\.vscode\extensions\redhat.java-1.50.0-win32-x64\jre\21.0.9-win32-x86_64\bin\jli.dll
0x00007ffd74110000 - 0x00007ffd7412e000 	c:\Users\porta\.vscode\extensions\redhat.java-1.50.0-win32-x64\jre\21.0.9-win32-x86_64\bin\VCRUNTIME140.dll
0x00007ffd8dfd0000 - 0x00007ffd8e264000 	C:\WINDOWS\WinSxS\amd64_microsoft.windows.common-controls_6595b64144ccf1df_6.0.26100.7019_none_3e06ffa0e335b8a8\COMCTL32.dll
0x00007ffda7f10000 - 0x00007ffda80d7000 	C:\WINDOWS\System32\USER32.dll
0x00007ffda8490000 - 0x00007ffda8539000 	C:\WINDOWS\System32\msvcrt.dll
0x00007ffda7c00000 - 0x00007ffda7c2b000 	C:\WINDOWS\System32\GDI32.dll
0x00007ffda67d0000 - 0x00007ffda67f7000 	C:\WINDOWS\System32\win32u.dll
0x00007ffda6c30000 - 0x00007ffda6d5c000 	C:\WINDOWS\System32\gdi32full.dll
0x00007ffda7370000 - 0x00007ffda7413000 	C:\WINDOWS\System32\msvcp_win.dll
0x00007ffda93b0000 - 0x00007ffda93e1000 	C:\WINDOWS\System32\IMM32.DLL
0x00007ffd8df80000 - 0x00007ffd8df8c000 	c:\Users\porta\.vscode\extensions\redhat.java-1.50.0-win32-x64\jre\21.0.9-win32-x86_64\bin\vcruntime140_1.dll
0x00007ffd61bf0000 - 0x00007ffd61c7d000 	c:\Users\porta\.vscode\extensions\redhat.java-1.50.0-win32-x64\jre\21.0.9-win32-x86_64\bin\msvcp140.dll
0x00007ffd0f4a0000 - 0x00007ffd10240000 	c:\Users\porta\.vscode\extensions\redhat.java-1.50.0-win32-x64\jre\21.0.9-win32-x86_64\bin\server\jvm.dll
0x00007ffda7e50000 - 0x00007ffda7f04000 	C:\WINDOWS\System32\ADVAPI32.dll
0x00007ffda9190000 - 0x00007ffda9236000 	C:\WINDOWS\System32\sechost.dll
0x00007ffda7ae0000 - 0x00007ffda7bf8000 	C:\WINDOWS\System32\RPCRT4.dll
0x00007ffda80e0000 - 0x00007ffda8154000 	C:\WINDOWS\System32\WS2_32.dll
0x00007ffd9d4a0000 - 0x00007ffd9d4d5000 	C:\WINDOWS\SYSTEM32\WINMM.dll
0x00007ffda6630000 - 0x00007ffda668e000 	C:\WINDOWS\SYSTEM32\POWRPROF.dll
0x00007ffd9cbf0000 - 0x00007ffd9cbfb000 	C:\WINDOWS\SYSTEM32\VERSION.dll
0x00007ffda6610000 - 0x00007ffda6624000 	C:\WINDOWS\SYSTEM32\UMPDC.dll
0x00007ffda5570000 - 0x00007ffda558b000 	C:\WINDOWS\SYSTEM32\kernel.appcore.dll
0x00007ffd8cf70000 - 0x00007ffd8cf7a000 	c:\Users\porta\.vscode\extensions\redhat.java-1.50.0-win32-x64\jre\21.0.9-win32-x86_64\bin\jimage.dll
0x00007ffda3df0000 - 0x00007ffda4032000 	C:\WINDOWS\SYSTEM32\DBGHELP.DLL
0x00007ffda8540000 - 0x00007ffda88cb000 	C:\WINDOWS\System32\combase.dll
0x00007ffda7520000 - 0x00007ffda75f7000 	C:\WINDOWS\System32\OLEAUT32.dll
0x00007ffd7da60000 - 0x00007ffd7da9c000 	C:\WINDOWS\SYSTEM32\dbgcore.DLL
0x00007ffda6800000 - 0x00007ffda68a5000 	C:\WINDOWS\System32\bcryptPrimitives.dll
0x00007ffd8b5b0000 - 0x00007ffd8b5bf000 	c:\Users\porta\.vscode\extensions\redhat.java-1.50.0-win32-x64\jre\21.0.9-win32-x86_64\bin\instrument.dll
0x00007ffd740f0000 - 0x00007ffd74110000 	c:\Users\porta\.vscode\extensions\redhat.java-1.50.0-win32-x64\jre\21.0.9-win32-x86_64\bin\java.dll
0x00007ffda8a30000 - 0x00007ffda917f000 	C:\WINDOWS\System32\SHELL32.dll
0x00007ffda6ac0000 - 0x00007ffda6c2b000 	C:\WINDOWS\System32\wintypes.dll
0x00007ffda43c0000 - 0x00007ffda4c1d000 	C:\WINDOWS\SYSTEM32\windows.storage.dll
0x00007ffda7420000 - 0x00007ffda7512000 	C:\WINDOWS\System32\SHCORE.dll
0x00007ffda8220000 - 0x00007ffda8287000 	C:\WINDOWS\System32\shlwapi.dll
0x00007ffda66f0000 - 0x00007ffda6719000 	C:\WINDOWS\SYSTEM32\profapi.dll
0x00007ffd6beb0000 - 0x00007ffd6bec8000 	c:\Users\porta\.vscode\extensions\redhat.java-1.50.0-win32-x64\jre\21.0.9-win32-x86_64\bin\zip.dll
0x00007ffd89f00000 - 0x00007ffd89f10000 	C:\Users\porta\.vscode\extensions\redhat.java-1.50.0-win32-x64\jre\21.0.9-win32-x86_64\bin\net.dll
0x00007ffd9fc20000 - 0x00007ffd9fd48000 	C:\WINDOWS\SYSTEM32\WINHTTP.dll
0x00007ffda5b00000 - 0x00007ffda5b6b000 	C:\WINDOWS\system32\mswsock.dll
0x00007ffd69040000 - 0x00007ffd69056000 	C:\Users\porta\.vscode\extensions\redhat.java-1.50.0-win32-x64\jre\21.0.9-win32-x86_64\bin\nio.dll
0x00007ffd87020000 - 0x00007ffd87030000 	c:\Users\porta\.vscode\extensions\redhat.java-1.50.0-win32-x64\jre\21.0.9-win32-x86_64\bin\verify.dll
0x00007ffd61ba0000 - 0x00007ffd61be4000 	C:\Users\porta\AppData\Roaming\Code\User\globalStorage\redhat.java\1.50.0\config_win\org.eclipse.equinox.launcher\org.eclipse.equinox.launcher.win32.win32.x86_64_1.2.1400.v20250801-0854\eclipse_11916.dll
0x00007ffda9400000 - 0x00007ffda9597000 	C:\WINDOWS\System32\ole32.dll
0x00007ffda5dc0000 - 0x00007ffda5ddb000 	C:\WINDOWS\SYSTEM32\CRYPTSP.dll
0x00007ffda54d0000 - 0x00007ffda550a000 	C:\WINDOWS\system32\rsaenh.dll
0x00007ffda5bb0000 - 0x00007ffda5bdb000 	C:\WINDOWS\SYSTEM32\USERENV.dll
0x00007ffda66c0000 - 0x00007ffda66ea000 	C:\WINDOWS\SYSTEM32\bcrypt.dll
0x00007ffda5de0000 - 0x00007ffda5dec000 	C:\WINDOWS\SYSTEM32\CRYPTBASE.dll
0x00007ffda4fa0000 - 0x00007ffda4fd4000 	C:\WINDOWS\SYSTEM32\IPHLPAPI.DLL
0x00007ffda83f0000 - 0x00007ffda83fa000 	C:\WINDOWS\System32\NSI.dll
0x00007ffd3e4e0000 - 0x00007ffd3e529000 	C:\Users\porta\AppData\Local\Temp\jna-106854400\jna11589546992911687674.dll
0x00007ffda7e40000 - 0x00007ffda7e48000 	C:\WINDOWS\System32\PSAPI.DLL
0x00007ffd9fee0000 - 0x00007ffd9fefe000 	C:\WINDOWS\SYSTEM32\dhcpcsvc6.DLL
0x00007ffd9fdb0000 - 0x00007ffd9fdd3000 	C:\WINDOWS\SYSTEM32\dhcpcsvc.DLL

JVMTI agents:
c:\Users\porta\.vscode\extensions\redhat.java-1.50.0-win32-x64\lombok\lombok-1.18.39-4050.jar path:c:\Users\porta\.vscode\extensions\redhat.java-1.50.0-win32-x64\jre\21.0.9-win32-x86_64\bin\instrument.dll, loaded, initialized, instrumentlib options:none

dbghelp: loaded successfully - version: 4.0.5 - missing functions: none
symbol engine: initialized successfully - sym options: 0x614 - pdb path: .;c:\Users\porta\.vscode\extensions\redhat.java-1.50.0-win32-x64\jre\21.0.9-win32-x86_64\bin;C:\WINDOWS\SYSTEM32;C:\WINDOWS\WinSxS\amd64_microsoft.windows.common-controls_6595b64144ccf1df_6.0.26100.7019_none_3e06ffa0e335b8a8;c:\Users\porta\.vscode\extensions\redhat.java-1.50.0-win32-x64\jre\21.0.9-win32-x86_64\bin\server;C:\Users\porta\AppData\Roaming\Code\User\globalStorage\redhat.java\1.50.0\config_win\org.eclipse.equinox.launcher\org.eclipse.equinox.launcher.win32.win32.x86_64_1.2.1400.v20250801-0854;C:\Users\porta\AppData\Local\Temp\jna-106854400

VM Arguments:
jvm_args: --add-modules=ALL-SYSTEM --add-opens=java.base/java.util=ALL-UNNAMED --add-opens=java.base/java.lang=ALL-UNNAMED --add-opens=java.base/sun.nio.fs=ALL-UNNAMED -Declipse.application=org.eclipse.jdt.ls.core.id1 -Dosgi.bundles.defaultStartLevel=4 -Declipse.product=org.eclipse.jdt.ls.core.product -Djava.import.generatesMetadataFilesAtProjectRoot=false -DDetectVMInstallationsJob.disabled=true -Dfile.encoding=utf8 -XX:+UseParallelGC -XX:GCTimeRatio=4 -XX:AdaptiveSizePolicyWeight=90 -Dsun.zip.disableMemoryMapping=true -Xmx2G -Xms100m -Xlog:disable -javaagent:c:\Users\porta\.vscode\extensions\redhat.java-1.50.0-win32-x64\lombok\lombok-1.18.39-4050.jar -XX:+HeapDumpOnOutOfMemoryError -XX:HeapDumpPath=c:\Users\porta\AppData\Roaming\Code\User\workspaceStorage\2610fd0d143476314dc8434d72f8bc07\redhat.java -Daether.dependencyCollector.impl=bf 
java_command: c:\Users\porta\.vscode\extensions\redhat.java-1.50.0-win32-x64\server\plugins\org.eclipse.equinox.launcher_1.7.100.v20251111-0406.jar -configuration c:\Users\porta\AppData\Roaming\Code\User\globalStorage\redhat.java\1.50.0\config_win -data c:\Users\porta\AppData\Roaming\Code\User\workspaceStorage\2610fd0d143476314dc8434d72f8bc07\redhat.java\jdt_ws --pipe=\\.\pipe\lsp-6b8e53938eebb34b41769b4130c0d1cc-sock
java_class_path (initial): c:\Users\porta\.vscode\extensions\redhat.java-1.50.0-win32-x64\server\plugins\org.eclipse.equinox.launcher_1.7.100.v20251111-0406.jar
Launcher Type: SUN_STANDARD

[Global flags]
    uintx AdaptiveSizePolicyWeight                 = 90                                        {product} {command line}
     intx CICompilerCount                          = 4                                         {product} {ergonomic}
    uintx GCTimeRatio                              = 4                                         {product} {command line}
     bool HeapDumpOnOutOfMemoryError               = true                                   {manageable} {command line}
    ccstr HeapDumpPath                             = c:\Users\porta\AppData\Roaming\Code\User\workspaceStorage\2610fd0d143476314dc8434d72f8bc07\redhat.java         {manageable} {command line}
   size_t InitialHeapSize                          = 104857600                                 {product} {command line}
   size_t MaxHeapSize                              = 2147483648                                {product} {command line}
   size_t MaxNewSize                               = 715653120                                 {product} {ergonomic}
   size_t MinHeapDeltaBytes                        = 524288                                    {product} {ergonomic}
   size_t MinHeapSize                              = 104857600                                 {product} {command line}
   size_t NewSize                                  = 34603008                                  {product} {ergonomic}
    uintx NonNMethodCodeHeapSize                   = 5839372                                {pd product} {ergonomic}
    uintx NonProfiledCodeHeapSize                  = 122909434                              {pd product} {ergonomic}
   size_t OldSize                                  = 70254592                                  {product} {ergonomic}
    uintx ProfiledCodeHeapSize                     = 122909434                              {pd product} {ergonomic}
    uintx ReservedCodeCacheSize                    = 251658240                              {pd product} {ergonomic}
     bool SegmentedCodeCache                       = true                                      {product} {ergonomic}
   size_t SoftMaxHeapSize                          = 2147483648                             {manageable} {ergonomic}
     bool UseCompressedOops                        = true                           {product lp64_product} {ergonomic}
     bool UseLargePagesIndividualAllocation        = false                                  {pd product} {ergonomic}
     bool UseParallelGC                            = true                                      {product} {command line}

Logging:
Log output configuration:
 #0: stdout all=off uptime,level,tags foldmultilines=false
 #1: stderr all=off uptime,level,tags foldmultilines=false

Release file:
JAVA_VERSION="21.0.9" 
MODULES="java.base java.compiler java.datatransfer java.xml java.prefs java.desktop java.instrument java.logging java.management java.security.sasl java.naming java.rmi java.management.rmi java.net.http java.scripting java.security.jgss java.transaction.xa java.sql java.sql.rowset java.xml.crypto java.se java.smartcardio jdk.accessibility jdk.internal.jvmstat jdk.attach jdk.charsets jdk.internal.opt jdk.zipfs jdk.compiler jdk.crypto.ec jdk.crypto.cryptoki jdk.crypto.mscapi jdk.dynalink jdk.internal.ed jdk.editpad jdk.hotspot.agent jdk.httpserver jdk.internal.le jdk.internal.vm.ci jdk.internal.vm.compiler jdk.internal.vm.compiler.management jdk.jartool jdk.javadoc jdk.jcmd jdk.management jdk.management.agent jdk.jconsole jdk.jdeps jdk.jdwp.agent jdk.jdi jdk.jfr jdk.jshell jdk.jsobject jdk.jstatd jdk.localedata jdk.management.jfr jdk.naming.dns jdk.naming.rmi jdk.net jdk.nio.mapmode jdk.random jdk.sctp jdk.security.auth jdk.security.jgss jdk.unsupported jdk.unsupported.desktop jdk.xml.dom" 

Environment Variables:
JAVA_HOME=C:\Program Files\Java\jdk-21
PATH=C:\Program Files\Common Files\Oracle\Java\javapath;C:\WINDOWS\system32;C:\WINDOWS;C:\WINDOWS\System32\Wbem;C:\WINDOWS\System32\WindowsPowerShell\v1.0\;C:\WINDOWS\System32\OpenSSH\;C:\Program Files\dotnet\;C:\Program Files (x86)\Microsoft SQL Server\160\Tools\Binn\;C:\Program Files\Microsoft SQL Server\160\Tools\Binn\;C:\Program Files\Microsoft SQL Server\Client SDK\ODBC\170\Tools\Binn\;C:\Program Files\Microsoft SQL Server\160\DTS\Binn\;C:\Program Files\Microsoft SQL Server\150\Tools\Binn\;C:\Program Files (x86)\Windows Kits\10\Windows Performance Toolkit\;C:\Program Files\Microsoft SQL Server\Client SDK\ODBC\130\Tools\Binn\;C:\Program Files\nodejs\;C:\Herramientas\apache-maven-3.9.11\bin;C:\Program Files\Git\cmd;C:\Users\porta\AppData\Local\Microsoft\WindowsApps;C:\Users\porta\.dotnet\tools;C:\Users\porta\AppData\Local\Programs\Microsoft VS Code\bin;C:\Users\porta\AppData\Roaming\npm
USERNAME=porta
OS=Windows_NT
PROCESSOR_IDENTIFIER=Intel64 Family 6 Model 140 Stepping 1, GenuineIntel
TMP=C:\Users\porta\AppData\Local\Temp
TEMP=C:\Users\porta\AppData\Local\Temp




Periodic native trim disabled

---------------  S Y S T E M  ---------------

OS:
 Windows 11 , 64 bit Build 26100 (10.0.26100.7019)
OS uptime: 0 days 11:12 hours
Hyper-V role detected

CPU: total 8 (initial active 8) (4 cores per cpu, 2 threads per core) family 6 model 140 stepping 1 microcode 0x9a, cx8, cmov, fxsr, ht, mmx, 3dnowpref, sse, sse2, sse3, ssse3, sse4.1, sse4.2, popcnt, lzcnt, tsc, tscinvbit, avx, avx2, aes, erms, clmul, bmi1, bmi2, adx, avx512f, avx512dq, avx512cd, avx512bw, avx512vl, sha, fma, vzeroupper, avx512_vpopcntdq, avx512_vpclmulqdq, avx512_vaes, avx512_vnni, clflush, clflushopt, clwb, avx512_vbmi2, avx512_vbmi, hv, rdtscp, rdpid, fsrm, gfni, avx512_bitalg, f16c, cet_ibt, cet_ss, avx512_ifma
Processor Information for the first 8 processors :
  Max Mhz: 2803, Current Mhz: 2803, Mhz Limit: 2803

Memory: 4k page, system-wide physical 3895M (13M free)
TotalPageFile size 15671M (AvailPageFile size 13M)
current process WorkingSet (physical memory assigned to process): 5M, peak: 242M
current process commit charge ("private bytes"): 380M, peak: 398M

vm_info: OpenJDK 64-Bit Server VM (21.0.9+10-LTS) for windows-amd64 JRE (21.0.9+10-LTS), built on 2025-10-21T00:00:00Z by "admin" with unknown MS VC++:1942

END.
